0.733043	0	0	1
0.733043	0	0	1
0.733043	0	0	1
0.733043	0	0	1
0.733043	0	0	1
0.733043	0	0	1
0.733043	0	0	1
0.733043	0	0	1
0.733043	0	0	1
0.733043	0	0	1
0.733043	0	0	1
0.733043	0	0	1
0.085684	0	0	2
0.085684	0	0	2
0.085684	0	0	2
0.204884	0	0	3
0.204884	0	0	3
0.204884	0	0	3
0.614151	0	0	4
0.614151	0	0	4
0.614151	0	0	4
1.918481	0	0	5
1.918481	0	0	5
1.918481	0	0	5
1.918481	0	0	5
1.918481	0	0	5
1.918481	0	0	5
1.918481	0	0	5
1.918481	0	0	5
1.918481	0	0	5
1.918481	0	0	5
1.918481	0	0	5
1.918481	0	0	5
1.918481	0	0	5
1.918481	0	0	5
1.918481	0	0	5
1.918481	0	0	5
1.918481	0	0	5
1.918481	0	0	5
1.556073	0	0	6
1.556073	0	0	6
1.556073	0	0	6
1.556073	0	0	6
1.556073	0	0	6
1.556073	0	0	6
1.556073	0	0	6
1.556073	0	0	6
1.556073	0	0	6
1.556073	0	0	6
1.556073	0	0	6
1.556073	0	0	6
1.556073	0	0	6
1.556073	0	0	6
1.556073	0	0	6
1.722872	0	0	7
1.722872	0	0	7
1.722872	0	0	7
1.722872	0	0	7
1.722872	0	0	7
1.722872	0	0	7
1.278090	0	0	8
1.278090	0	0	8
1.278090	0	0	8
1.237072	0	0	9
1.237072	0	0	9
1.237072	0	0	9
1.655097	0	0	10
1.655097	0	0	10
1.655097	0	0	10
1.187534	0	0	11
1.187534	0	0	11
1.187534	0	0	11
1.486815	0	0	12
1.486815	0	0	12
1.486815	0	0	12
1.669501	0	0	13
1.669501	0	0	13
1.669501	0	0	13
1.290840	0	0	14
1.290840	0	0	14
1.290840	0	0	14
1.232532	0	0	15
1.232532	0	0	15
1.232532	0	0	15
1.659300	0	0	16
1.659300	0	0	16
1.659300	0	0	16
1.697584	0	0	17
1.697584	0	0	17
1.697584	0	0	17
1.384668	0	0	18
1.384668	0	0	18
1.384668	0	0	18
1.492252	0	0	19
1.492252	0	0	19
1.492252	0	0	19
2.085156	0	0	20
2.085156	0	0	20
2.085156	0	0	20
1.701106	0	0	21
1.701106	0	0	21
1.701106	0	0	21
2.423318	0	0	22
2.423318	0	0	22
2.423318	0	0	22
2.423318	0	0	22
2.423318	0	0	22
2.423318	0	0	22
1.926626	0	0	23
1.926626	0	0	23
1.926626	0	0	23
2.476535	0	0	24
2.476535	0	0	24
2.476535	0	0	24
2.476535	0	0	24
2.476535	0	0	24
2.476535	0	0	24
1.975542	0	0	25
1.975542	0	0	25
1.975542	0	0	25
1.889175	0	0	26
1.889175	0	0	26
1.889175	0	0	26
1.963730	0	0	27
1.963730	0	0	27
1.963730	0	0	27
1.922103	0	0	28
1.922103	0	0	28
1.922103	0	0	28
2.128903	0	0	29
2.128903	0	0	29
2.128903	0	0	29
2.354433	0	0	30
2.354433	0	0	30
2.354433	0	0	30
2.133645	135	0	24
2.133645	134	0	24
2.133645	133	0	24
1.994252	132	0	20
1.994252	131	0	20
1.994252	130	0	20
1.914274	129	0	22
1.914274	128	0	22
1.914274	127	0	22
1.865029	126	0	25
1.865029	125	0	25
1.865029	124	0	25
1.846043	123	0	24
1.846043	122	0	24
1.846043	121	0	24
1.820902	120	145	25
1.788346	151	0	5
1.801130	119	146	25
1.788346	153	0	5
1.801218	118	147	25
1.788346	155	0	5
1.833512	116	148	24
1.940448	117	137	24
1.813310	157	158	24
1.749556	159	0	23
1.815945	113	149	24
2.115149	114	138	24
1.958965	115	136	24
1.868344	163	162	24
1.750916	161	164	24
1.749556	165	0	23
1.817961	112	150	24
1.749556	167	0	23
1.702542	111	160	23
1.668716	169	0	22
1.694979	110	166	23
1.668716	171	0	22
1.706527	109	168	23
1.668716	173	0	22
1.664975	106	170	22
1.851227	107	144	22
1.752749	108	143	22
1.731944	177	176	22
1.662075	175	178	22
1.661774	179	0	7
1.664266	105	172	22
1.661774	181	0	7
1.665947	103	174	22
1.883671	104	142	22
1.662289	183	184	22
1.661774	185	0	7
1.653901	102	0	5
1.653901	101	0	5
1.653901	100	0	5
1.835786	99	139	20
1.511504	190	0	17
1.771663	98	140	20
1.511504	192	0	17
1.827784	97	141	20
1.511504	194	0	17
1.479709	96	0	6
1.479709	95	0	6
1.479709	94	0	6
1.372157	93	0	10
1.372157	92	0	10
1.372157	91	0	10
1.455043	90	191	17
1.370722	202	0	16
1.444298	89	193	17
1.370722	204	0	16
1.471529	88	195	17
1.370722	206	0	16
1.365158	87	203	16
1.269925	208	0	6
1.338228	86	205	16
1.269925	210	0	6
1.272097	85	207	16
1.269925	212	0	6
1.203927	84	0	6
1.203927	83	0	6
1.203927	82	0	6
1.185731	81	0	13
1.185731	80	0	13
1.185731	79	0	13
1.177274	78	217	13
1.177220	220	0	7
1.181224	77	218	13
1.177220	222	0	7
1.185264	76	219	13
1.177220	224	0	7
1.162031	75	0	6
1.162031	74	0	6
1.162031	73	0	6
1.055620	72	0	6
1.055620	71	0	6
1.055620	70	0	6
1.160366	69	199	10
0.918468	232	0	9
1.209940	68	200	10
0.918468	234	0	9
1.076227	67	201	10
0.918468	236	0	9
0.914981	66	233	9
0.881952	238	0	5
0.911298	65	235	9
0.881952	240	0	5
0.886886	64	237	9
0.881952	242	0	5
0.869505	63	0	5
0.869505	62	0	5
0.869505	61	0	5
1.072762	59	221	7
1.528417	60	180	7
1.020738	247	248	7
0.864433	249	0	5
0.980504	57	223	7
1.478301	58	186	7
0.937968	251	252	7
0.864433	253	0	5
1.139322	55	225	7
1.612676	56	182	7
1.048151	255	256	7
0.864433	257	0	5
0.936201	52	229	6
1.045350	53	228	6
1.183202	54	216	6
0.963608	260	261	6
0.909046	259	262	6
0.853941	263	0	5
1.047855	49	230	6
1.122941	50	214	6
1.173775	51	213	6
1.107391	266	267	6
0.881059	265	268	6
0.853941	269	0	5
1.030267	40	231	6
1.154220	41	227	6
0.948006	42	226	6
1.179019	43	215	6
1.260194	44	211	6
1.042143	45	209	6
1.236337	46	198	6
1.373701	47	197	6
1.237813	48	196	6
1.113230	279	275	6
1.075833	272	274	6
1.049016	277	280	6
1.036167	281	282	6
1.035174	276	283	6
1.017676	271	284	6
0.938159	285	278	6
0.880110	273	286	6
0.853941	287	0	5
0.838875	36	264	5
0.768841	37	246	5
1.342565	38	156	5
1.786801	39	154	5
0.799120	289	291	5
0.736538	290	292	5
0.732867	293	294	5
0.688838	295	0	1
0.694011	28	270	5
0.796643	29	250	5
0.692424	30	245	5
0.854239	31	244	5
0.877672	32	241	5
0.879032	33	239	5
1.159452	34	189	5
1.321475	35	187	5
0.981051	303	304	5
0.869527	302	305	5
0.781737	301	306	5
0.780221	298	300	5
0.694014	308	307	5
0.690889	297	309	5
0.689833	299	310	5
0.688838	311	0	1
0.846058	22	288	5
0.781249	23	258	5
0.774986	24	254	5
0.725860	25	243	5
1.587141	26	188	5
1.657820	27	152	5
0.827214	313	318	5
0.742962	315	319	5
0.738116	317	320	5
0.734338	314	321	5
0.695720	316	322	5
0.688838	323	0	1
0.438465	21	0	1
0.438465	20	0	1
0.438465	19	0	1
0.158384	18	0	1
0.158384	17	0	1
0.158384	16	0	1
0.029171	15	0	1
0.029171	14	0	1
0.029171	13	0	1
0.028988	1	333	1
0.013484	2	332	1
0.024242	3	331	1
0.020280	4	330	1
0.061980	5	329	1
0.047178	6	328	1
0.350862	7	327	1
0.217068	8	326	1
0.043823	9	325	1
0.545525	10	324	1
0.530341	11	312	1
0.579851	12	296	1
0.471984	344	343	1
0.310973	340	345	1
0.217959	346	347	1
0.158257	341	348	1
0.042766	338	349	1
0.020455	342	350	1
0.019081	337	336	1
0.016543	334	351	1
0.016112	352	353	1
0.012075	339	354	1
0.005175	335	355	1
0.000000	356	0	0
